<?xml version="1.0" encoding="UTF-8"?>
<testsuite xmlns:xsi="http://www.w3.org/2001/XMLSchema-instance" xsi:noNamespaceSchemaLocation="https://maven.apache.org/surefire/maven-surefire-plugin/xsd/surefire-test-report.xsd" name="cl.previred.desafio.desafioRest.PreviredDesafioRestApplicationTests" time="2.601" tests="2" errors="1" skipped="0" failures="0">
  <properties>
[...]
</properties>
  <testcase name="retornaFechasRecibidosConAusentes" classname="cl.previred.desafio.desafioRest.PreviredDesafioRestApplicationTests" time="0.219">
    <error type="java.lang.NullPointerException">java.lang.NullPointerException
	at cl.previred.desafio.desafioRest.PreviredDesafioRestApplicationTests.retornaFechasRecibidosConAusentes(PreviredDesafioRestApplicationTests.java:25)
</error>
    <system-out><![CDATA[14:29:14.430 [main] DEBUG org.springframework.test.context.junit4.SpringJUnit4ClassRunner - SpringJUnit4ClassRunner constructor called with [class cl.previred.desafio.desafioRest.PreviredDesafioRestApplicationTests]
14:29:14.434 [main] DEBUG org.springframework.test.context.BootstrapUtils - Instantiating CacheAwareContextLoaderDelegate from class [org.springframework.test.context.cache.DefaultCacheAwareContextLoaderDelegate]
14:29:14.439 [main] DEBUG org.springframework.test.context.BootstrapUtils - Instantiating BootstrapContext using constructor [public org.springframework.test.context.support.DefaultBootstrapContext(java.lang.Class,org.springframework.test.context.CacheAwareContextLoaderDelegate)]
14:29:14.452 [main] DEBUG org.springframework.test.context.BootstrapUtils - Instantiating TestContextBootstrapper for test class [cl.previred.desafio.desafioRest.PreviredDesafioRestApplicationTests] from class [org.springframework.boot.test.context.SpringBootTestContextBootstrapper]
14:29:14.461 [main] INFO org.springframework.boot.test.context.SpringBootTestContextBootstrapper - Neither @ContextConfiguration nor @ContextHierarchy found for test class [cl.previred.desafio.desafioRest.PreviredDesafioRestApplicationTests], using SpringBootContextLoader
14:29:14.464 [main] DEBUG org.springframework.test.context.support.AbstractContextLoader - Did not detect default resource location for test class [cl.previred.desafio.desafioRest.PreviredDesafioRestApplicationTests]: class path resource [cl/previred/desafio/desafioRest/PreviredDesafioRestApplicationTests-context.xml] does not exist
14:29:14.464 [main] DEBUG org.springframework.test.context.support.AbstractContextLoader - Did not detect default resource location for test class [cl.previred.desafio.desafioRest.PreviredDesafioRestApplicationTests]: class path resource [cl/previred/desafio/desafioRest/PreviredDesafioRestApplicationTestsContext.groovy] does not exist
14:29:14.464 [main] INFO org.springframework.test.context.support.AbstractContextLoader - Could not detect default resource locations for test class [cl.previred.desafio.desafioRest.PreviredDesafioRestApplicationTests]: no resource found for suffixes {-context.xml, Context.groovy}.
14:29:14.464 [main] INFO org.springframework.test.context.support.AnnotationConfigContextLoaderUtils - Could not detect default configuration classes for test class [cl.previred.desafio.desafioRest.PreviredDesafioRestApplicationTests]: PreviredDesafioRestApplicationTests does not declare any static, non-private, non-final, nested classes annotated with @Configuration.
14:29:14.491 [main] DEBUG org.springframework.test.context.support.ActiveProfilesUtils - Could not find an 'annotation declaring class' for annotation type [org.springframework.test.context.ActiveProfiles] and class [cl.previred.desafio.desafioRest.PreviredDesafioRestApplicationTests]
14:29:14.541 [main] DEBUG org.springframework.context.annotation.ClassPathScanningCandidateComponentProvider - Identified candidate component class: file [C:\Users\Sergio\desafioUno\desafioRest\target\classes\cl\previred\desafio\desafioRest\PreviredDesafioRestApplication.class]
14:29:14.542 [main] INFO org.springframework.boot.test.context.SpringBootTestContextBootstrapper - Found @SpringBootConfiguration cl.previred.desafio.desafioRest.PreviredDesafioRestApplication for test class cl.previred.desafio.desafioRest.PreviredDesafioRestApplicationTests
14:29:14.613 [main] DEBUG org.springframework.boot.test.context.SpringBootTestContextBootstrapper - @TestExecutionListeners is not present for class [cl.previred.desafio.desafioRest.PreviredDesafioRestApplicationTests]: using defaults.
14:29:14.614 [main] INFO org.springframework.boot.test.context.SpringBootTestContextBootstrapper - Loaded default TestExecutionListener class names from location [META-INF/spring.factories]: [org.springframework.boot.test.mock.mockito.MockitoTestExecutionListener, org.springframework.boot.test.mock.mockito.ResetMocksTestExecutionListener, org.springframework.boot.test.autoconfigure.restdocs.RestDocsTestExecutionListener, org.springframework.boot.test.autoconfigure.web.client.MockRestServiceServerResetTestExecutionListener, org.springframework.boot.test.autoconfigure.web.servlet.MockMvcPrintOnlyOnFailureTestExecutionListener, org.springframework.boot.test.autoconfigure.web.servlet.WebDriverTestExecutionListener, org.springframework.test.context.web.ServletTestExecutionListener, org.springframework.test.context.support.DirtiesContextBeforeModesTestExecutionListener, org.springframework.test.context.support.DependencyInjectionTestExecutionListener, org.springframework.test.context.support.DirtiesContextTestExecutionListener, org.springframework.test.context.transaction.TransactionalTestExecutionListener, org.springframework.test.context.jdbc.SqlScriptsTestExecutionListener]
14:29:14.622 [main] DEBUG org.springframework.boot.test.context.SpringBootTestContextBootstrapper - Skipping candidate TestExecutionListener [org.springframework.test.context.transaction.TransactionalTestExecutionListener] due to a missing dependency. Specify custom listener classes or make the default listener classes and their required dependencies available. Offending class: [org/springframework/transaction/interceptor/TransactionAttributeSource]
14:29:14.623 [main] DEBUG org.springframework.boot.test.context.SpringBootTestContextBootstrapper - Skipping candidate TestExecutionListener [org.springframework.test.context.jdbc.SqlScriptsTestExecutionListener] due to a missing dependency. Specify custom listener classes or make the default listener classes and their required dependencies available. Offending class: [org/springframework/transaction/interceptor/TransactionAttribute]
14:29:14.623 [main] INFO org.springframework.boot.test.context.SpringBootTestContextBootstrapper - Using TestExecutionListeners: [org.springframework.test.context.web.ServletTestExecutionListener@6adbc9d, org.springframework.test.context.support.DirtiesContextBeforeModesTestExecutionListener@4550bb58, org.springframework.boot.test.mock.mockito.MockitoTestExecutionListener@4ec4f3a0, org.springframework.boot.test.autoconfigure.SpringBootDependencyInjectionTestExecutionListener@223191a6, org.springframework.test.context.support.DirtiesContextTestExecutionListener@49139829, org.springframework.boot.test.mock.mockito.ResetMocksTestExecutionListener@9597028, org.springframework.boot.test.autoconfigure.restdocs.RestDocsTestExecutionListener@6069db50, org.springframework.boot.test.autoconfigure.web.client.MockRestServiceServerResetTestExecutionListener@4efbca5a, org.springframework.boot.test.autoconfigure.web.servlet.MockMvcPrintOnlyOnFailureTestExecutionListener@1b7cc17c, org.springframework.boot.test.autoconfigure.web.servlet.WebDriverTestExecutionListener@59662a0b]
14:29:14.625 [main] DEBUG org.springframework.test.annotation.ProfileValueUtils - Retrieved @ProfileValueSourceConfiguration [null] for test class [cl.previred.desafio.desafioRest.PreviredDesafioRestApplicationTests]
14:29:14.627 [main] DEBUG org.springframework.test.annotation.ProfileValueUtils - Retrieved ProfileValueSource type [class org.springframework.test.annotation.SystemProfileValueSource] for class [cl.previred.desafio.desafioRest.PreviredDesafioRestApplicationTests]
14:29:14.628 [main] DEBUG org.springframework.test.annotation.ProfileValueUtils - Retrieved @ProfileValueSourceConfiguration [null] for test class [cl.previred.desafio.desafioRest.PreviredDesafioRestApplicationTests]
14:29:14.629 [main] DEBUG org.springframework.test.annotation.ProfileValueUtils - Retrieved ProfileValueSource type [class org.springframework.test.annotation.SystemProfileValueSource] for class [cl.previred.desafio.desafioRest.PreviredDesafioRestApplicationTests]
14:29:14.629 [main] DEBUG org.springframework.test.annotation.ProfileValueUtils - Retrieved @ProfileValueSourceConfiguration [null] for test class [cl.previred.desafio.desafioRest.PreviredDesafioRestApplicationTests]
14:29:14.629 [main] DEBUG org.springframework.test.annotation.ProfileValueUtils - Retrieved ProfileValueSource type [class org.springframework.test.annotation.SystemProfileValueSource] for class [cl.previred.desafio.desafioRest.PreviredDesafioRestApplicationTests]
14:29:14.632 [main] DEBUG org.springframework.test.context.support.AbstractDirtiesContextTestExecutionListener - Before test class: context [DefaultTestContext@2a65fe7c testClass = PreviredDesafioRestApplicationTests, testInstance = [null], testMethod = [null], testException = [null], mergedContextConfiguration = [WebMergedContextConfiguration@4135c3b testClass = PreviredDesafioRestApplicationTests, locations = '{}', classes = '{class cl.previred.desafio.desafioRest.PreviredDesafioRestApplication}', contextInitializerClasses = '[]', activeProfiles = '{}', propertySourceLocations = '{}', propertySourceProperties = '{org.springframework.boot.test.context.SpringBootTestContextBootstrapper=true}', contextCustomizers = set[org.springframework.boot.test.context.filter.ExcludeFilterContextCustomizer@4671e53b, org.springframework.boot.test.json.DuplicateJsonObjectContextCustomizerFactory$DuplicateJsonObjectContextCustomizer@b7dd107, org.springframework.boot.test.mock.mockito.MockitoContextCustomizer@0, org.springframework.boot.test.web.client.TestRestTemplateContextCustomizer@78ac1102, org.springframework.boot.test.autoconfigure.properties.PropertyMappingContextCustomizer@0, org.springframework.boot.test.autoconfigure.web.servlet.WebDriverContextCustomizerFactory$Customizer@706a04ae], resourceBasePath = 'src/main/webapp', contextLoader = 'org.springframework.boot.test.context.SpringBootContextLoader', parent = [null]], attributes = map['org.springframework.test.context.web.ServletTestExecutionListener.activateListener' -> true]], class annotated with @DirtiesContext [false] with mode [null].
14:29:14.633 [main] DEBUG org.springframework.test.annotation.ProfileValueUtils - Retrieved @ProfileValueSourceConfiguration [null] for test class [cl.previred.desafio.desafioRest.PreviredDesafioRestApplicationTests]
14:29:14.633 [main] DEBUG org.springframework.test.annotation.ProfileValueUtils - Retrieved ProfileValueSource type [class org.springframework.test.annotation.SystemProfileValueSource] for class [cl.previred.desafio.desafioRest.PreviredDesafioRestApplicationTests]
14:29:14.649 [main] DEBUG org.springframework.test.context.support.TestPropertySourceUtils - Adding inlined properties to environment: {spring.jmx.enabled=false, org.springframework.boot.test.context.SpringBootTestContextBootstrapper=true, server.port=-1}

  .   ____          _            __ _ _
 /\\ / ___'_ __ _ _(_)_ __  __ _ \ \ \ \
( ( )\___ | '_ | '_| | '_ \/ _` | \ \ \ \
 \\/  ___)| |_)| | | | | || (_| |  ) ) ) )
  '  |____| .__|_| |_|_| |_\__, | / / / /
 =========|_|==============|___/=/_/_/_/
 :: Spring Boot ::        (v2.1.5.RELEASE)

2019-06-23 14:29:14.815  INFO 13600 --- [           main] .d.d.PreviredDesafioRestApplicationTests : Starting PreviredDesafioRestApplicationTests on DESKTOP-GAE0AS1 with PID 13600 (started by Sergio in C:\Users\Sergio\desafioUno\desafioRest)
2019-06-23 14:29:14.815  INFO 13600 --- [           main] .d.d.PreviredDesafioRestApplicationTests : No active profile set, falling back to default profiles: default
2019-06-23 14:29:16.039  INFO 13600 --- [           main] pertySourcedRequestMappingHandlerMapping : Mapped URL path [/api-fechas-docs] onto method [public org.springframework.http.ResponseEntity<springfox.documentation.spring.web.json.Json> springfox.documentation.swagger2.web.Swagger2Controller.getDocumentation(java.lang.String,javax.servlet.http.HttpServletRequest)]
2019-06-23 14:29:16.294  INFO 13600 --- [           main] o.s.s.concurrent.ThreadPoolTaskExecutor  : Initializing ExecutorService 'applicationTaskExecutor'
2019-06-23 14:29:16.501  INFO 13600 --- [           main] d.s.w.p.DocumentationPluginsBootstrapper : Context refreshed
2019-06-23 14:29:16.521  INFO 13600 --- [           main] d.s.w.p.DocumentationPluginsBootstrapper : Found 1 custom documentation plugin(s)
2019-06-23 14:29:16.543  INFO 13600 --- [           main] s.d.s.w.s.ApiListingReferenceScanner     : Scanning for api listing references
2019-06-23 14:29:16.682  INFO 13600 --- [           main] .d.d.PreviredDesafioRestApplicationTests : Started PreviredDesafioRestApplicationTests in 2.026 seconds (JVM running for 2.623)
]]></system-out>
  </testcase>
  <testcase name="contextLoads" classname="cl.previred.desafio.desafioRest.PreviredDesafioRestApplicationTests" time="0"/>
</testsuite>